<?xml version="1.0" encoding="UTF-8"?>
<testng-results ignored="0" total="12" passed="12" failed="0" skipped="0">
  <reporter-output>
  </reporter-output>
  <suite started-at="2022-08-16T12:18:19 IST" name="Command line suite" finished-at="2022-08-16T12:18:33 IST" duration-ms="13638">
    <groups>
      <group name="cucumber">
        <method signature="AbstractTestNGCucumberTests.runScenario(io.cucumber.testng.PickleWrapper,io.cucumber.testng.FeatureWrapper)[pri:0, instance:Runner.TestRunner@473b46c3]" name="runScenario" class="io.cucumber.testng.AbstractTestNGCucumberTests"/>
      </group> <!-- cucumber -->
    </groups>
    <test started-at="2022-08-16T12:18:19 IST" name="Command line test" finished-at="2022-08-16T12:18:33 IST" duration-ms="13638">
      <class name="Runner.TestRunner">
        <test-method is-config="true" signature="setUpClass()[pri:0, instance:Runner.TestRunner@473b46c3]" started-at="2022-08-16T12:18:22 IST" name="setUpClass" finished-at="2022-08-16T12:18:23 IST" duration-ms="1254" status="PASS">
          <reporter-output>
          </reporter-output>
        </test-method> <!-- setUpClass -->
        <test-method signature="runScenario(io.cucumber.testng.PickleWrapper,io.cucumber.testng.FeatureWrapper)[pri:0, instance:Runner.TestRunner@473b46c3]" started-at="2022-08-16T12:18:23 IST" name="runScenario" description="Runs Cucumber Scenarios" data-provider="scenarios" finished-at="2022-08-16T12:18:26 IST" duration-ms="3215" status="PASS">
          <params>
            <param index="0">
              <value>
                <![CDATA["Verify that user resource can be created"]]>
              </value>
            </param>
            <param index="1">
              <value>
                <![CDATA["Optional[Tutorial feature]"]]>
              </value>
            </param>
          </params>
          <reporter-output>
          </reporter-output>
        </test-method> <!-- runScenario -->
        <test-method signature="runScenario(io.cucumber.testng.PickleWrapper,io.cucumber.testng.FeatureWrapper)[pri:0, instance:Runner.TestRunner@473b46c3]" started-at="2022-08-16T12:18:26 IST" name="runScenario" description="Runs Cucumber Scenarios" data-provider="scenarios" finished-at="2022-08-16T12:18:27 IST" duration-ms="145" status="PASS">
          <params>
            <param index="0">
              <value>
                <![CDATA["Verify that user updated successfully"]]>
              </value>
            </param>
            <param index="1">
              <value>
                <![CDATA["Optional[Tutorial feature]"]]>
              </value>
            </param>
          </params>
          <reporter-output>
          </reporter-output>
        </test-method> <!-- runScenario -->
        <test-method signature="runScenario(io.cucumber.testng.PickleWrapper,io.cucumber.testng.FeatureWrapper)[pri:0, instance:Runner.TestRunner@473b46c3]" started-at="2022-08-16T12:18:27 IST" name="runScenario" description="Runs Cucumber Scenarios" data-provider="scenarios" finished-at="2022-08-16T12:18:27 IST" duration-ms="146" status="PASS">
          <params>
            <param index="0">
              <value>
                <![CDATA["Verify that user deleted successfully"]]>
              </value>
            </param>
            <param index="1">
              <value>
                <![CDATA["Optional[Tutorial feature]"]]>
              </value>
            </param>
          </params>
          <reporter-output>
          </reporter-output>
        </test-method> <!-- runScenario -->
        <test-method signature="runScenario(io.cucumber.testng.PickleWrapper,io.cucumber.testng.FeatureWrapper)[pri:0, instance:Runner.TestRunner@473b46c3]" started-at="2022-08-16T12:18:27 IST" name="runScenario" description="Runs Cucumber Scenarios" data-provider="scenarios" finished-at="2022-08-16T12:18:29 IST" duration-ms="1841" status="PASS">
          <params>
            <param index="0">
              <value>
                <![CDATA["Verify that user description gets updated"]]>
              </value>
            </param>
            <param index="1">
              <value>
                <![CDATA["Optional[Tutorial feature]"]]>
              </value>
            </param>
          </params>
          <reporter-output>
          </reporter-output>
        </test-method> <!-- runScenario -->
        <test-method signature="runScenario(io.cucumber.testng.PickleWrapper,io.cucumber.testng.FeatureWrapper)[pri:0, instance:Runner.TestRunner@473b46c3]" started-at="2022-08-16T12:18:29 IST" name="runScenario" description="Runs Cucumber Scenarios" data-provider="scenarios" finished-at="2022-08-16T12:18:29 IST" duration-ms="149" status="PASS">
          <params>
            <param index="0">
              <value>
                <![CDATA["Verify that title field is required"]]>
              </value>
            </param>
            <param index="1">
              <value>
                <![CDATA["Optional[Tutorial feature]"]]>
              </value>
            </param>
          </params>
          <reporter-output>
          </reporter-output>
        </test-method> <!-- runScenario -->
        <test-method signature="runScenario(io.cucumber.testng.PickleWrapper,io.cucumber.testng.FeatureWrapper)[pri:0, instance:Runner.TestRunner@473b46c3]" started-at="2022-08-16T12:18:29 IST" name="runScenario" description="Runs Cucumber Scenarios" data-provider="scenarios" finished-at="2022-08-16T12:18:29 IST" duration-ms="123" status="PASS">
          <params>
            <param index="0">
              <value>
                <![CDATA["Verify that title should only be test"]]>
              </value>
            </param>
            <param index="1">
              <value>
                <![CDATA["Optional[Tutorial feature]"]]>
              </value>
            </param>
          </params>
          <reporter-output>
          </reporter-output>
        </test-method> <!-- runScenario -->
        <test-method signature="runScenario(io.cucumber.testng.PickleWrapper,io.cucumber.testng.FeatureWrapper)[pri:0, instance:Runner.TestRunner@473b46c3]" started-at="2022-08-16T12:18:29 IST" name="runScenario" description="Runs Cucumber Scenarios" data-provider="scenarios" finished-at="2022-08-16T12:18:29 IST" duration-ms="122" status="PASS">
          <params>
            <param index="0">
              <value>
                <![CDATA["Verify error is thrown when title is given in alphanumeric characters"]]>
              </value>
            </param>
            <param index="1">
              <value>
                <![CDATA["Optional[Tutorial feature]"]]>
              </value>
            </param>
          </params>
          <reporter-output>
          </reporter-output>
        </test-method> <!-- runScenario -->
        <test-method signature="runScenario(io.cucumber.testng.PickleWrapper,io.cucumber.testng.FeatureWrapper)[pri:0, instance:Runner.TestRunner@473b46c3]" started-at="2022-08-16T12:18:29 IST" name="runScenario" description="Runs Cucumber Scenarios" data-provider="scenarios" finished-at="2022-08-16T12:18:29 IST" duration-ms="222" status="PASS">
          <params>
            <param index="0">
              <value>
                <![CDATA["Verify the description getting updated"]]>
              </value>
            </param>
            <param index="1">
              <value>
                <![CDATA["Optional[Tutorial feature]"]]>
              </value>
            </param>
          </params>
          <reporter-output>
          </reporter-output>
        </test-method> <!-- runScenario -->
        <test-method signature="runScenario(io.cucumber.testng.PickleWrapper,io.cucumber.testng.FeatureWrapper)[pri:0, instance:Runner.TestRunner@473b46c3]" started-at="2022-08-16T12:18:29 IST" name="runScenario" description="Runs Cucumber Scenarios" data-provider="scenarios" finished-at="2022-08-16T12:18:29 IST" duration-ms="137" status="PASS">
          <params>
            <param index="0">
              <value>
                <![CDATA["Verify the id should not accept alphanumeric characters"]]>
              </value>
            </param>
            <param index="1">
              <value>
                <![CDATA["Optional[Tutorial feature]"]]>
              </value>
            </param>
          </params>
          <reporter-output>
          </reporter-output>
        </test-method> <!-- runScenario -->
        <test-method signature="runScenario(io.cucumber.testng.PickleWrapper,io.cucumber.testng.FeatureWrapper)[pri:0, instance:Runner.TestRunner@473b46c3]" started-at="2022-08-16T12:18:29 IST" name="runScenario" description="Runs Cucumber Scenarios" data-provider="scenarios" finished-at="2022-08-16T12:18:30 IST" duration-ms="329" status="PASS">
          <params>
            <param index="0">
              <value>
                <![CDATA["Verify the title gets updated"]]>
              </value>
            </param>
            <param index="1">
              <value>
                <![CDATA["Optional[Tutorial feature]"]]>
              </value>
            </param>
          </params>
          <reporter-output>
          </reporter-output>
        </test-method> <!-- runScenario -->
        <test-method signature="runScenario(io.cucumber.testng.PickleWrapper,io.cucumber.testng.FeatureWrapper)[pri:0, instance:Runner.TestRunner@473b46c3]" started-at="2022-08-16T12:18:30 IST" name="runScenario" description="Runs Cucumber Scenarios" data-provider="scenarios" finished-at="2022-08-16T12:18:30 IST" duration-ms="213" status="PASS">
          <params>
            <param index="0">
              <value>
                <![CDATA["create a list"]]>
              </value>
            </param>
            <param index="1">
              <value>
                <![CDATA["Optional[Tutorial feature]"]]>
              </value>
            </param>
          </params>
          <reporter-output>
          </reporter-output>
        </test-method> <!-- runScenario -->
        <test-method signature="runScenario(io.cucumber.testng.PickleWrapper,io.cucumber.testng.FeatureWrapper)[pri:0, instance:Runner.TestRunner@473b46c3]" started-at="2022-08-16T12:18:30 IST" name="runScenario" description="Runs Cucumber Scenarios" data-provider="scenarios" finished-at="2022-08-16T12:18:31 IST" duration-ms="680" status="PASS">
          <params>
            <param index="0">
              <value>
                <![CDATA["Verify error is thrown when published is given in integers"]]>
              </value>
            </param>
            <param index="1">
              <value>
                <![CDATA["Optional[Tutorial feature]"]]>
              </value>
            </param>
          </params>
          <reporter-output>
          </reporter-output>
        </test-method> <!-- runScenario -->
        <test-method is-config="true" signature="tearDownClass()[pri:0, instance:Runner.TestRunner@473b46c3]" started-at="2022-08-16T12:18:31 IST" name="tearDownClass" finished-at="2022-08-16T12:18:33 IST" duration-ms="2505" status="PASS">
          <reporter-output>
          </reporter-output>
        </test-method> <!-- tearDownClass -->
      </class> <!-- Runner.TestRunner -->
    </test> <!-- Command line test -->
  </suite> <!-- Command line suite -->
</testng-results>
