<?xml version="1.0" encoding="UTF-8" ?>
<testsuite tests="12" failures="0" name="TestSuite" time="7.351" errors="0" skipped="0">
  <properties>
[...]
</properties>
  <testcase classname="Runner.TestRunner" name="runScenario" time="3.227"/>
  <testcase classname="Runner.TestRunner" name="runScenario" time="0.144"/>
  <testcase classname="Runner.TestRunner" name="runScenario" time="0.145"/>
  <testcase classname="Runner.TestRunner" name="runScenario" time="1.841"/>
  <testcase classname="Runner.TestRunner" name="runScenario" time="0.148"/>
  <testcase classname="Runner.TestRunner" name="runScenario" time="0.123"/>
  <testcase classname="Runner.TestRunner" name="runScenario" time="0.126"/>
  <testcase classname="Runner.TestRunner" name="runScenario" time="0.221"/>
  <testcase classname="Runner.TestRunner" name="runScenario" time="0.134"/>
  <testcase classname="Runner.TestRunner" name="runScenario" time="0.329"/>
  <testcase classname="Runner.TestRunner" name="runScenario" time="0.213"/>
  <testcase classname="Runner.TestRunner" name="runScenario" time="0.7"/>
</testsuite>